This is pdfTeX, Version 3.14159265-2.6-1.40.18 (MiKTeX 2.9.6500 64-bit) (preloaded format=pdflatex 2017.11.27)  27 NOV 2017 22:41
entering extended mode
**"C:/Users/drahos/Desktop/LaTex Diplomova Praca/LaTex Diplomova Praca/06implem
entation.tex"

("C:/Users/drahos/Desktop/LaTex Diplomova Praca/LaTex Diplomova Praca/06impleme
ntation.tex"
LaTeX2e <2017-04-15>
Babel <3.15> and hyphenation patterns for 75 language(s) loaded.
! Undefined control sequence.
l.1 \chapter
            {Implementation}\label{chap:implementation}
? 
! Emergency stop.
l.1 \chapter
            {Implementation}\label{chap:implementation}
End of file on the terminal!

 
Here is how much of TeX's memory you used:
 8 strings out of 493312
 408 string characters out of 3138895
 53761 words of memory out of 3000000
 3655 multiletter control sequences out of 15000+200000
 3640 words of font info for 14 fonts, out of 3000000 for 9000
 1141 hyphenation exceptions out of 8191
 5i,0n,1p,145b,8s stack positions out of 5000i,500n,10000p,200000b,50000s
!  ==> Fatal error occurred, no output PDF file produced!
